<?xml version="1.0" encoding="UTF-8"?>
<testng-results skipped="0" failed="0" ignored="0" total="1" passed="1">
  <reporter-output>
  </reporter-output>
  <suite name="Default suite" duration-ms="10681" started-at="2019-10-09T14:10:54Z" finished-at="2019-10-09T14:11:04Z">
    <groups>
    </groups>
    <test name="Default test" duration-ms="10681" started-at="2019-10-09T14:10:54Z" finished-at="2019-10-09T14:11:04Z">
      <class name="com.compname.automation.advanced_selenium.CaptureScreenshot">
        <test-method status="PASS" signature="takescreenshot()[pri:0, instance:com.compname.automation.advanced_selenium.CaptureScreenshot@4dfa3a9d]" name="takescreenshot" duration-ms="10637" started-at="2019-10-09T14:10:54Z" finished-at="2019-10-09T14:11:04Z">
          <reporter-output>
          </reporter-output>
        </test-method> <!-- takescreenshot -->
      </class> <!-- com.compname.automation.advanced_selenium.CaptureScreenshot -->
    </test> <!-- Default test -->
  </suite> <!-- Default suite -->
</testng-results>
